[debug] [2021-03-27T09:55:59.348Z] ----------------------------------------------------------------------
[debug] [2021-03-27T09:55:59.352Z] Command:       /usr/bin/node /usr/local/bin/firebase init
[debug] [2021-03-27T09:55:59.353Z] CLI Version:   9.8.0
[debug] [2021-03-27T09:55:59.353Z] Platform:      linux
[debug] [2021-03-27T09:55:59.353Z] Node Version:  v10.19.0
[debug] [2021-03-27T09:55:59.353Z] Time:          Sat Mar 27 2021 15:25:59 GMT+0530 (India Standard Time)
[debug] [2021-03-27T09:55:59.353Z] ----------------------------------------------------------------------
[debug] 
[debug] [2021-03-27T09:55:59.367Z] > command requires scopes: ["email","openid","https://www.googleapis.com/auth/cloudplatformprojects.readonly","https://www.googleapis.com/auth/firebase","https://www.googleapis.com/auth/cloud-platform"]
[debug] [2021-03-27T09:55:59.367Z] > authorizing via signed-in user
[info] 
     ######## #### ########  ######## ########     ###     ######  ########
     ##        ##  ##     ## ##       ##     ##  ##   ##  ##       ##
     ######    ##  ########  ######   ########  #########  ######  ######
     ##        ##  ##    ##  ##       ##     ## ##     ##       ## ##
     ##       #### ##     ## ######## ########  ##     ##  ######  ########

You're about to initialize a Firebase project in this directory:

  /home/venu

Before we get started, keep in mind:

  * You are initializing in an existing Firebase project directory

[info] 
=== Project Setup
[info] 
[info] First, let's associate this project directory with a Firebase project.
[info] You can create multiple project aliases by running firebase use --add, 
[info] but for now we'll just set up a default project.
[info] 
[info] i  .firebaserc already has a default project, using weblogin-254404. 
[debug] [2021-03-27T09:56:35.466Z] >>> [apiv2][query] GET https://firebase.googleapis.com/v1beta1/projects/weblogin-254404 [none]
[debug] [2021-03-27T09:56:36.266Z] <<< [apiv2][status] GET https://firebase.googleapis.com/v1beta1/projects/weblogin-254404 403
[debug] [2021-03-27T09:56:36.266Z] <<< [apiv2][body] GET https://firebase.googleapis.com/v1beta1/projects/weblogin-254404 {"error":{"code":403,"message":"The caller does not have permission","status":"PERMISSION_DENIED"}}
[debug] [2021-03-27T09:56:36.267Z] HTTP Error: 403, The caller does not have permission
[debug] [2021-03-27T09:56:36.875Z] FirebaseError: HTTP Error: 403, The caller does not have permission
    at module.exports (/usr/local/lib/node_modules/firebase-tools/lib/responseToError.js:38:12)
    at Client.doRequest (/usr/local/lib/node_modules/firebase-tools/lib/apiv2.js:238:23)
    at process._tickCallback (internal/process/next_tick.js:68:7)
[error] 
[error] Error: Failed to get Firebase project weblogin-254404. Please make sure the project exists and your account has permission to access it.
